[0921/185430.578:INFO:CONSOLE(140)] "Event handler of 'x-storagemutated-1' event must be added on the initial evaluation of worker script.", source: https://static.whatsapp.net/rsrc.php/v3/yP/r/1BZ8MhYlZb_.js?_nc_x=Ij3Wp8lg5Kz (140)
[0921/185430.952:INFO:CONSOLE(0)] "Error with Permissions-Policy header: Feature xr-spatial-tracking's parameters are ignored.", source:  (0)
[0921/185430.952:INFO:CONSOLE(0)] "Error with Permissions-Policy header: Origin trial controlled feature not enabled: 'attribution-reporting'.", source:  (0)
[0921/185430.952:INFO:CONSOLE(0)] "Error with Permissions-Policy header: Unrecognized feature: 'compute-pressure'.", source:  (0)
[0921/185430.952:INFO:CONSOLE(0)] "Error with Permissions-Policy header: Origin trial controlled feature not enabled: 'interest-cohort'.", source:  (0)
[0921/185430.952:INFO:CONSOLE(0)] "Error with Permissions-Policy header: Unrecognized feature: 'private-state-token-issuance'.", source:  (0)
[0921/185430.952:INFO:CONSOLE(0)] "Error with Permissions-Policy header: Origin trial controlled feature not enabled: 'shared-storage'.", source:  (0)
[0921/185430.952:INFO:CONSOLE(0)] "Error with Permissions-Policy header: Unrecognized feature: 'shared-storage-select-url'.", source:  (0)
[0921/185430.952:INFO:CONSOLE(0)] "Error with Permissions-Policy header: Unrecognized feature: 'private-state-token-redemption'.", source:  (0)
[0921/185430.952:INFO:CONSOLE(0)] "Error with Permissions-Policy header: Unrecognized feature: 'unload'.", source:  (0)
[0921/185430.952:INFO:CONSOLE(0)] "Error with Permissions-Policy header: Unrecognized feature: 'window-management'.", source:  (0)
[0921/185432.156:INFO:CONSOLE(140)] "Event handler of 'x-storagemutated-1' event must be added on the initial evaluation of worker script.", source: https://static.whatsapp.net/rsrc.php/v3/yP/r/1BZ8MhYlZb_.js?_nc_x=Ij3Wp8lg5Kz (140)
[0921/185433.752:INFO:CONSOLE(343)] "WAWebLoggerWorker initialized", source: https://static.whatsapp.net/rsrc.php/v3/yS/r/Rz1O0wm9Obi.js?_nc_x=Ij3Wp8lg5Kz (343)
[0921/185433.754:INFO:CONSOLE(343)] "[storage] start setSchemaVersions from fts worker interface", source: https://static.whatsapp.net/rsrc.php/v3/yS/r/Rz1O0wm9Obi.js?_nc_x=Ij3Wp8lg5Kz (343)
[0921/185433.754:INFO:CONSOLE(343)] "[storage] set schema versions: [model-storage,159,fts-storage,8,jobs-storage,1,lru-media-storage-idb,2,offd-storage,4,qpl-storage,0,signal-storage,6,worker-storage,1,sw,2,wawc,14,wawc_db_enc,2]. is worker? true", source: https://static.whatsapp.net/rsrc.php/v3/yS/r/Rz1O0wm9Obi.js?_nc_x=Ij3Wp8lg5Kz (343)
[0921/185435.819:INFO:CONSOLE(343)] "FTS:Delegate: start indexer", source: https://static.whatsapp.net/rsrc.php/v3/yS/r/Rz1O0wm9Obi.js?_nc_x=Ij3Wp8lg5Kz (343)
[0921/185435.819:INFO:CONSOLE(343)] "FTS:Delegate: start perform init", source: https://static.whatsapp.net/rsrc.php/v3/yS/r/Rz1O0wm9Obi.js?_nc_x=Ij3Wp8lg5Kz (343)
[0921/185435.819:INFO:CONSOLE(343)] "FTS:Delegate: schema versions ready", source: https://static.whatsapp.net/rsrc.php/v3/yS/r/Rz1O0wm9Obi.js?_nc_x=Ij3Wp8lg5Kz (343)
[0921/185435.819:INFO:CONSOLE(343)] "FTS:Delegate: before db initialization", source: https://static.whatsapp.net/rsrc.php/v3/yS/r/Rz1O0wm9Obi.js?_nc_x=Ij3Wp8lg5Kz (343)
[0921/185435.820:INFO:CONSOLE(343)] "[storage] applying schema versions from [0 to 8] for the database: 'fts-storage'", source: https://static.whatsapp.net/rsrc.php/v3/yS/r/Rz1O0wm9Obi.js?_nc_x=Ij3Wp8lg5Kz (343)
[0921/185435.852:INFO:CONSOLE(343)] "[storage] applying schema versions from [0 to 159] for the database: 'model-storage'", source: https://static.whatsapp.net/rsrc.php/v3/yS/r/Rz1O0wm9Obi.js?_nc_x=Ij3Wp8lg5Kz (343)
[0921/185437.247:INFO:CONSOLE(343)] "FTS:Delegate: after db initialization", source: https://static.whatsapp.net/rsrc.php/v3/yS/r/Rz1O0wm9Obi.js?_nc_x=Ij3Wp8lg5Kz (343)
[0921/185437.247:INFO:CONSOLE(343)] "FTS:Manifest Writer: No changes made, current:['3.1', '1'], latest:['3.1', '1']", source: https://static.whatsapp.net/rsrc.php/v3/yS/r/Rz1O0wm9Obi.js?_nc_x=Ij3Wp8lg5Kz (343)
[0921/185437.248:INFO:CONSOLE(343)] "FTS:Delegate: Inited", source: https://static.whatsapp.net/rsrc.php/v3/yS/r/Rz1O0wm9Obi.js?_nc_x=Ij3Wp8lg5Kz (343)
[0921/185437.248:INFO:CONSOLE(343)] "FTS:Delegate: Init indexing ops", source: https://static.whatsapp.net/rsrc.php/v3/yS/r/Rz1O0wm9Obi.js?_nc_x=Ij3Wp8lg5Kz (343)
[0921/185437.249:INFO:CONSOLE(343)] "FTS:Indexer:indexQueuedBatch: Starting new batch size : 1000", source: https://static.whatsapp.net/rsrc.php/v3/yS/r/Rz1O0wm9Obi.js?_nc_x=Ij3Wp8lg5Kz (343)
[0921/185437.437:INFO:CONSOLE(343)] "FTS:Indexer:indexQueuedBatch: Completed batch", source: https://static.whatsapp.net/rsrc.php/v3/yS/r/Rz1O0wm9Obi.js?_nc_x=Ij3Wp8lg5Kz (343)
[0921/185437.437:INFO:CONSOLE(343)] "FTS:Indexer:indexQueuedBatch: Completed", source: https://static.whatsapp.net/rsrc.php/v3/yS/r/Rz1O0wm9Obi.js?_nc_x=Ij3Wp8lg5Kz (343)
[0921/185440.735:INFO:CONSOLE(343)] "FTS:Indexer:indexQueuedBatch: Starting new batch size : 1000", source: https://static.whatsapp.net/rsrc.php/v3/yS/r/Rz1O0wm9Obi.js?_nc_x=Ij3Wp8lg5Kz (343)
[0921/185440.739:INFO:CONSOLE(343)] "FTS:Indexer:indexQueuedBatch: Completed batch", source: https://static.whatsapp.net/rsrc.php/v3/yS/r/Rz1O0wm9Obi.js?_nc_x=Ij3Wp8lg5Kz (343)
[0921/185440.744:INFO:CONSOLE(343)] "FTS:Indexer:indexQueuedBatch: Completed", source: https://static.whatsapp.net/rsrc.php/v3/yS/r/Rz1O0wm9Obi.js?_nc_x=Ij3Wp8lg5Kz (343)
[0921/185446.186:INFO:CONSOLE(343)] "FTS:Indexer:indexQueuedBatch: Starting new batch size : 1000", source: https://static.whatsapp.net/rsrc.php/v3/yS/r/Rz1O0wm9Obi.js?_nc_x=Ij3Wp8lg5Kz (343)
[0921/185446.202:INFO:CONSOLE(343)] "FTS:Indexer:indexQueuedBatch: Completed batch", source: https://static.whatsapp.net/rsrc.php/v3/yS/r/Rz1O0wm9Obi.js?_nc_x=Ij3Wp8lg5Kz (343)
[0921/185446.206:INFO:CONSOLE(343)] "FTS:Indexer:indexQueuedBatch: Completed", source: https://static.whatsapp.net/rsrc.php/v3/yS/r/Rz1O0wm9Obi.js?_nc_x=Ij3Wp8lg5Kz (343)
[0921/185458.236:INFO:CONSOLE(343)] "FTS:Indexer:indexQueuedBatch: Starting new batch size : 1000", source: https://static.whatsapp.net/rsrc.php/v3/yS/r/Rz1O0wm9Obi.js?_nc_x=Ij3Wp8lg5Kz (343)
[0921/185458.241:INFO:CONSOLE(343)] "FTS:Indexer:indexQueuedBatch: Completed batch", source: https://static.whatsapp.net/rsrc.php/v3/yS/r/Rz1O0wm9Obi.js?_nc_x=Ij3Wp8lg5Kz (343)
[0921/185458.243:INFO:CONSOLE(343)] "FTS:Indexer:indexQueuedBatch: Completed", source: https://static.whatsapp.net/rsrc.php/v3/yS/r/Rz1O0wm9Obi.js?_nc_x=Ij3Wp8lg5Kz (343)
[0921/185503.552:INFO:CONSOLE(343)] "FTS:Indexer:indexQueuedBatch: Starting new batch size : 1000", source: https://static.whatsapp.net/rsrc.php/v3/yS/r/Rz1O0wm9Obi.js?_nc_x=Ij3Wp8lg5Kz (343)
[0921/185503.567:INFO:CONSOLE(343)] "FTS:Indexer:indexQueuedBatch: Completed batch", source: https://static.whatsapp.net/rsrc.php/v3/yS/r/Rz1O0wm9Obi.js?_nc_x=Ij3Wp8lg5Kz (343)
[0921/185503.569:INFO:CONSOLE(343)] "FTS:Indexer:indexQueuedBatch: Completed", source: https://static.whatsapp.net/rsrc.php/v3/yS/r/Rz1O0wm9Obi.js?_nc_x=Ij3Wp8lg5Kz (343)
[0921/185522.297:INFO:CONSOLE(343)] "FTS:Indexer:indexQueuedBatch: Starting new batch size : 1000", source: https://static.whatsapp.net/rsrc.php/v3/yS/r/Rz1O0wm9Obi.js?_nc_x=Ij3Wp8lg5Kz (343)
[0921/185522.317:INFO:CONSOLE(343)] "FTS:Indexer:indexQueuedBatch: Completed batch", source: https://static.whatsapp.net/rsrc.php/v3/yS/r/Rz1O0wm9Obi.js?_nc_x=Ij3Wp8lg5Kz (343)
[0921/185522.317:INFO:CONSOLE(343)] "FTS:Indexer:indexQueuedBatch: Completed", source: https://static.whatsapp.net/rsrc.php/v3/yS/r/Rz1O0wm9Obi.js?_nc_x=Ij3Wp8lg5Kz (343)
[0921/185527.581:INFO:CONSOLE(343)] "FTS:Indexer:indexQueuedBatch: Starting new batch size : 1000", source: https://static.whatsapp.net/rsrc.php/v3/yS/r/Rz1O0wm9Obi.js?_nc_x=Ij3Wp8lg5Kz (343)
[0921/185527.606:INFO:CONSOLE(343)] "FTS:Indexer:indexQueuedBatch: Completed batch", source: https://static.whatsapp.net/rsrc.php/v3/yS/r/Rz1O0wm9Obi.js?_nc_x=Ij3Wp8lg5Kz (343)
[0921/185527.606:INFO:CONSOLE(343)] "FTS:Indexer:indexQueuedBatch: Completed", source: https://static.whatsapp.net/rsrc.php/v3/yS/r/Rz1O0wm9Obi.js?_nc_x=Ij3Wp8lg5Kz (343)
[0921/185546.171:INFO:CONSOLE(343)] "FTS:Indexer:indexQueuedBatch: Starting new batch size : 1000", source: https://static.whatsapp.net/rsrc.php/v3/yS/r/Rz1O0wm9Obi.js?_nc_x=Ij3Wp8lg5Kz (343)
[0921/185546.176:INFO:CONSOLE(343)] "FTS:Indexer:indexQueuedBatch: Completed batch", source: https://static.whatsapp.net/rsrc.php/v3/yS/r/Rz1O0wm9Obi.js?_nc_x=Ij3Wp8lg5Kz (343)
[0921/185546.178:INFO:CONSOLE(343)] "FTS:Indexer:indexQueuedBatch: Completed", source: https://static.whatsapp.net/rsrc.php/v3/yS/r/Rz1O0wm9Obi.js?_nc_x=Ij3Wp8lg5Kz (343)
[0921/185551.482:INFO:CONSOLE(343)] "FTS:Indexer:indexQueuedBatch: Starting new batch size : 1000", source: https://static.whatsapp.net/rsrc.php/v3/yS/r/Rz1O0wm9Obi.js?_nc_x=Ij3Wp8lg5Kz (343)
[0921/185551.502:INFO:CONSOLE(343)] "FTS:Indexer:indexQueuedBatch: Completed batch", source: https://static.whatsapp.net/rsrc.php/v3/yS/r/Rz1O0wm9Obi.js?_nc_x=Ij3Wp8lg5Kz (343)
[0921/185551.502:INFO:CONSOLE(343)] "FTS:Indexer:indexQueuedBatch: Completed", source: https://static.whatsapp.net/rsrc.php/v3/yS/r/Rz1O0wm9Obi.js?_nc_x=Ij3Wp8lg5Kz (343)
